[2021-07-25 00:22:45] laravel.EMERGENCY: Unable to create configured logger. Using emergency logger. {"exception":"[object] (InvalidArgumentException(code: 0): Log [none] is not defined. at /home/thanhlongb/gcloud/gcp/vendor/illuminate/log/LogManager.php:192)
[stacktrace]
#0 /home/thanhlongb/gcloud/gcp/vendor/illuminate/log/LogManager.php(118): Illuminate\\Log\\LogManager->resolve('none')
#1 /home/thanhlongb/gcloud/gcp/vendor/illuminate/log/LogManager.php(98): Illuminate\\Log\\LogManager->get('none')
#2 /home/thanhlongb/gcloud/gcp/vendor/illuminate/log/LogManager.php(555): Illuminate\\Log\\LogManager->driver()
#3 /home/thanhlongb/gcloud/gcp/vendor/laravel/lumen-framework/src/Exceptions/Handler.php(56): Illuminate\\Log\\LogManager->error('Command \"serve\"...', Array)
#4 /home/thanhlongb/gcloud/gcp/app/Exceptions/Handler.php(38): Laravel\\Lumen\\Exceptions\\Handler->report(Object(Symfony\\Component\\Console\\Exception\\CommandNotFoundException))
#5 /home/thanhlongb/gcloud/gcp/vendor/laravel/lumen-framework/src/Console/Kernel.php(238): App\\Exceptions\\Handler->report(Object(Symfony\\Component\\Console\\Exception\\CommandNotFoundException))
#6 /home/thanhlongb/gcloud/gcp/vendor/laravel/lumen-framework/src/Console/Kernel.php(118): Laravel\\Lumen\\Console\\Kernel->reportException(Object(Symfony\\Component\\Console\\Exception\\CommandNotFoundException))
#7 /home/thanhlongb/gcloud/gcp/artisan(35): Laravel\\Lumen\\Console\\Kernel->handle(Object(Symfony\\Component\\Console\\Input\\ArgvInput), Object(Symfony\\Component\\Console\\Output\\ConsoleOutput))
#8 {main}
"} 
[2021-07-25 00:22:45] laravel.ERROR: Command "serve" is not defined. {"exception":"[object] (Symfony\\Component\\Console\\Exception\\CommandNotFoundException(code: 0): Command \"serve\" is not defined. at /home/thanhlongb/gcloud/gcp/vendor/symfony/console/Application.php:682)
[stacktrace]
#0 /home/thanhlongb/gcloud/gcp/vendor/symfony/console/Application.php(255): Symfony\\Component\\Console\\Application->find('serve')
#1 /home/thanhlongb/gcloud/gcp/vendor/symfony/console/Application.php(167): Symfony\\Component\\Console\\Application->doRun(Object(Symfony\\Component\\Console\\Input\\ArgvInput), Object(Symfony\\Component\\Console\\Output\\ConsoleOutput))
#2 /home/thanhlongb/gcloud/gcp/vendor/illuminate/console/Application.php(92): Symfony\\Component\\Console\\Application->run(Object(Symfony\\Component\\Console\\Input\\ArgvInput), Object(Symfony\\Component\\Console\\Output\\ConsoleOutput))
#3 /home/thanhlongb/gcloud/gcp/vendor/laravel/lumen-framework/src/Console/Kernel.php(116): Illuminate\\Console\\Application->run(Object(Symfony\\Component\\Console\\Input\\ArgvInput), Object(Symfony\\Component\\Console\\Output\\ConsoleOutput))
#4 /home/thanhlongb/gcloud/gcp/artisan(35): Laravel\\Lumen\\Console\\Kernel->handle(Object(Symfony\\Component\\Console\\Input\\ArgvInput), Object(Symfony\\Component\\Console\\Output\\ConsoleOutput))
#5 {main}
"} 
[2021-07-25 06:17:56] local.ERROR: {"error":"invalid_grant","error_description":"Invalid JWT: Token must be a short-lived token (60 minutes) and in a reasonable timeframe. Check your iat and exp values in the JWT claim."} {"exception":"[object] (Google\\Cloud\\Core\\Exception\\BadRequestException(code: 400): {\"error\":\"invalid_grant\",\"error_description\":\"Invalid JWT: Token must be a short-lived token (60 minutes) and in a reasonable timeframe. Check your iat and exp values in the JWT claim.\"} at /home/thanhlongb/gcloud/gcp/vendor/google/cloud-core/src/RequestWrapper.php:368)
[stacktrace]
#0 /home/thanhlongb/gcloud/gcp/vendor/google/cloud-core/src/RequestWrapper.php(207): Google\\Cloud\\Core\\RequestWrapper->convertToGoogleException(Object(Google\\Cloud\\Core\\Exception\\BadRequestException))
#1 /home/thanhlongb/gcloud/gcp/vendor/google/cloud-core/src/RestTrait.php(97): Google\\Cloud\\Core\\RequestWrapper->send(Object(GuzzleHttp\\Psr7\\Request), Array)
#2 /home/thanhlongb/gcloud/gcp/vendor/google/cloud-storage/src/Connection/Rest.php(224): Google\\Cloud\\Storage\\Connection\\Rest->send('objects', 'get', Array)
#3 /home/thanhlongb/gcloud/gcp/vendor/google/cloud-storage/src/StorageObject.php(147): Google\\Cloud\\Storage\\Connection\\Rest->getObject(Array)
#4 /home/thanhlongb/gcloud/gcp/app/Models/EmployeeRepository.php(41): Google\\Cloud\\Storage\\StorageObject->exists()
#5 /home/thanhlongb/gcloud/gcp/app/Models/EmployeeRepository.php(19): App\\Models\\EmployeeRepository->load()
#6 /home/thanhlongb/gcloud/gcp/app/Http/Controllers/EmployeeController.php(21): App\\Models\\EmployeeRepository->__construct()
#7 [internal function]: App\\Http\\Controllers\\EmployeeController->__construct()
#8 /home/thanhlongb/gcloud/gcp/vendor/illuminate/container/Container.php(917): ReflectionClass->newInstanceArgs(Array)
#9 /home/thanhlongb/gcloud/gcp/vendor/illuminate/container/Container.php(754): Illuminate\\Container\\Container->build('App\\\\Http\\\\Contro...')
#10 /home/thanhlongb/gcloud/gcp/vendor/illuminate/container/Container.php(692): Illuminate\\Container\\Container->resolve('App\\\\Http\\\\Contro...', Array)
#11 /home/thanhlongb/gcloud/gcp/vendor/laravel/lumen-framework/src/Application.php(300): Illuminate\\Container\\Container->make('App\\\\Http\\\\Contro...', Array)
#12 /home/thanhlongb/gcloud/gcp/vendor/laravel/lumen-framework/src/Concerns/RoutesRequests.php(321): Laravel\\Lumen\\Application->make('App\\\\Http\\\\Contro...')
#13 /home/thanhlongb/gcloud/gcp/vendor/laravel/lumen-framework/src/Concerns/RoutesRequests.php(279): Laravel\\Lumen\\Application->callControllerAction(Array)
#14 /home/thanhlongb/gcloud/gcp/vendor/laravel/lumen-framework/src/Concerns/RoutesRequests.php(264): Laravel\\Lumen\\Application->callActionOnArrayBasedRoute(Array)
#15 /home/thanhlongb/gcloud/gcp/vendor/laravel/lumen-framework/src/Concerns/RoutesRequests.php(166): Laravel\\Lumen\\Application->handleFoundRoute(Array)
#16 /home/thanhlongb/gcloud/gcp/vendor/laravel/lumen-framework/src/Concerns/RoutesRequests.php(426): Laravel\\Lumen\\Application->Laravel\\Lumen\\Concerns\\{closure}(Object(Laravel\\Lumen\\Http\\Request))
#17 /home/thanhlongb/gcloud/gcp/vendor/laravel/lumen-framework/src/Concerns/RoutesRequests.php(172): Laravel\\Lumen\\Application->sendThroughPipeline(Array, Object(Closure))
#18 /home/thanhlongb/gcloud/gcp/vendor/laravel/lumen-framework/src/Concerns/RoutesRequests.php(109): Laravel\\Lumen\\Application->dispatch(NULL)
#19 /home/thanhlongb/gcloud/gcp/public/index.php(28): Laravel\\Lumen\\Application->run()
#20 {main}
"} 
[2021-07-25 14:50:43] local.ERROR: Employee ID can't be empty. {"exception":"[object] (Exception(code: 0): Employee ID can't be empty. at /home/thanhlongb/gcloud/gcp/app/Models/Employee.php:93)
[stacktrace]
#0 /home/thanhlongb/gcloud/gcp/app/Http/Controllers/EmployeeController.php(139): App\\Models\\Employee::fromAttributes('', 'bui', 'thanh long', 'male', '12', 'asd', '123')
#1 /home/thanhlongb/gcloud/gcp/vendor/illuminate/container/BoundMethod.php(36): App\\Http\\Controllers\\EmployeeController->postCreatePage(Object(Laravel\\Lumen\\Http\\Request))
#2 /home/thanhlongb/gcloud/gcp/vendor/illuminate/container/Util.php(40): Illuminate\\Container\\BoundMethod::Illuminate\\Container\\{closure}()
#3 /home/thanhlongb/gcloud/gcp/vendor/illuminate/container/BoundMethod.php(93): Illuminate\\Container\\Util::unwrapIfClosure(Object(Closure))
#4 /home/thanhlongb/gcloud/gcp/vendor/illuminate/container/BoundMethod.php(37): Illuminate\\Container\\BoundMethod::callBoundMethod(Object(Laravel\\Lumen\\Application), Array, Object(Closure))
#5 /home/thanhlongb/gcloud/gcp/vendor/illuminate/container/Container.php(651): Illuminate\\Container\\BoundMethod::call(Object(Laravel\\Lumen\\Application), Array, Array, NULL)
#6 /home/thanhlongb/gcloud/gcp/vendor/laravel/lumen-framework/src/Concerns/RoutesRequests.php(386): Illuminate\\Container\\Container->call(Array, Array)
#7 /home/thanhlongb/gcloud/gcp/vendor/laravel/lumen-framework/src/Concerns/RoutesRequests.php(352): Laravel\\Lumen\\Application->callControllerCallable(Array, Array)
#8 /home/thanhlongb/gcloud/gcp/vendor/laravel/lumen-framework/src/Concerns/RoutesRequests.php(326): Laravel\\Lumen\\Application->callLumenController(Object(App\\Http\\Controllers\\EmployeeController), 'postCreatePage', Array)
#9 /home/thanhlongb/gcloud/gcp/vendor/laravel/lumen-framework/src/Concerns/RoutesRequests.php(279): Laravel\\Lumen\\Application->callControllerAction(Array)
#10 /home/thanhlongb/gcloud/gcp/vendor/laravel/lumen-framework/src/Concerns/RoutesRequests.php(264): Laravel\\Lumen\\Application->callActionOnArrayBasedRoute(Array)
#11 /home/thanhlongb/gcloud/gcp/vendor/laravel/lumen-framework/src/Concerns/RoutesRequests.php(166): Laravel\\Lumen\\Application->handleFoundRoute(Array)
#12 /home/thanhlongb/gcloud/gcp/vendor/laravel/lumen-framework/src/Concerns/RoutesRequests.php(426): Laravel\\Lumen\\Application->Laravel\\Lumen\\Concerns\\{closure}(Object(Laravel\\Lumen\\Http\\Request))
#13 /home/thanhlongb/gcloud/gcp/vendor/laravel/lumen-framework/src/Concerns/RoutesRequests.php(172): Laravel\\Lumen\\Application->sendThroughPipeline(Array, Object(Closure))
#14 /home/thanhlongb/gcloud/gcp/vendor/laravel/lumen-framework/src/Concerns/RoutesRequests.php(109): Laravel\\Lumen\\Application->dispatch(NULL)
#15 /home/thanhlongb/gcloud/gcp/public/index.php(28): Laravel\\Lumen\\Application->run()
#16 {main}
"} 
[2021-07-25 15:00:04] local.ERROR: Undefined variable: employee {"exception":"[object] (ErrorException(code: 0): Undefined variable: employee at /home/thanhlongb/gcloud/gcp/app/Http/Controllers/EmployeeController.php:166)
[stacktrace]
#0 /home/thanhlongb/gcloud/gcp/app/Http/Controllers/EmployeeController.php(166): Laravel\\Lumen\\Application->Laravel\\Lumen\\Concerns\\{closure}(8, 'Undefined varia...', '/home/thanhlong...', 166, Array)
#1 /home/thanhlongb/gcloud/gcp/vendor/illuminate/container/BoundMethod.php(36): App\\Http\\Controllers\\EmployeeController->postCreatePage(Object(Laravel\\Lumen\\Http\\Request))
#2 /home/thanhlongb/gcloud/gcp/vendor/illuminate/container/Util.php(40): Illuminate\\Container\\BoundMethod::Illuminate\\Container\\{closure}()
#3 /home/thanhlongb/gcloud/gcp/vendor/illuminate/container/BoundMethod.php(93): Illuminate\\Container\\Util::unwrapIfClosure(Object(Closure))
#4 /home/thanhlongb/gcloud/gcp/vendor/illuminate/container/BoundMethod.php(37): Illuminate\\Container\\BoundMethod::callBoundMethod(Object(Laravel\\Lumen\\Application), Array, Object(Closure))
#5 /home/thanhlongb/gcloud/gcp/vendor/illuminate/container/Container.php(651): Illuminate\\Container\\BoundMethod::call(Object(Laravel\\Lumen\\Application), Array, Array, NULL)
#6 /home/thanhlongb/gcloud/gcp/vendor/laravel/lumen-framework/src/Concerns/RoutesRequests.php(386): Illuminate\\Container\\Container->call(Array, Array)
#7 /home/thanhlongb/gcloud/gcp/vendor/laravel/lumen-framework/src/Concerns/RoutesRequests.php(352): Laravel\\Lumen\\Application->callControllerCallable(Array, Array)
#8 /home/thanhlongb/gcloud/gcp/vendor/laravel/lumen-framework/src/Concerns/RoutesRequests.php(326): Laravel\\Lumen\\Application->callLumenController(Object(App\\Http\\Controllers\\EmployeeController), 'postCreatePage', Array)
#9 /home/thanhlongb/gcloud/gcp/vendor/laravel/lumen-framework/src/Concerns/RoutesRequests.php(279): Laravel\\Lumen\\Application->callControllerAction(Array)
#10 /home/thanhlongb/gcloud/gcp/vendor/laravel/lumen-framework/src/Concerns/RoutesRequests.php(264): Laravel\\Lumen\\Application->callActionOnArrayBasedRoute(Array)
#11 /home/thanhlongb/gcloud/gcp/vendor/laravel/lumen-framework/src/Concerns/RoutesRequests.php(166): Laravel\\Lumen\\Application->handleFoundRoute(Array)
#12 /home/thanhlongb/gcloud/gcp/vendor/laravel/lumen-framework/src/Concerns/RoutesRequests.php(426): Laravel\\Lumen\\Application->Laravel\\Lumen\\Concerns\\{closure}(Object(Laravel\\Lumen\\Http\\Request))
#13 /home/thanhlongb/gcloud/gcp/vendor/laravel/lumen-framework/src/Concerns/RoutesRequests.php(172): Laravel\\Lumen\\Application->sendThroughPipeline(Array, Object(Closure))
#14 /home/thanhlongb/gcloud/gcp/vendor/laravel/lumen-framework/src/Concerns/RoutesRequests.php(109): Laravel\\Lumen\\Application->dispatch(NULL)
#15 /home/thanhlongb/gcloud/gcp/public/index.php(28): Laravel\\Lumen\\Application->run()
#16 {main}
"} 
[2021-07-25 15:00:53] local.ERROR: Undefined variable: employee {"exception":"[object] (ErrorException(code: 0): Undefined variable: employee at /home/thanhlongb/gcloud/gcp/app/Http/Controllers/EmployeeController.php:165)
[stacktrace]
#0 /home/thanhlongb/gcloud/gcp/app/Http/Controllers/EmployeeController.php(165): Laravel\\Lumen\\Application->Laravel\\Lumen\\Concerns\\{closure}(8, 'Undefined varia...', '/home/thanhlong...', 165, Array)
#1 /home/thanhlongb/gcloud/gcp/vendor/illuminate/container/BoundMethod.php(36): App\\Http\\Controllers\\EmployeeController->postCreatePage(Object(Laravel\\Lumen\\Http\\Request))
#2 /home/thanhlongb/gcloud/gcp/vendor/illuminate/container/Util.php(40): Illuminate\\Container\\BoundMethod::Illuminate\\Container\\{closure}()
#3 /home/thanhlongb/gcloud/gcp/vendor/illuminate/container/BoundMethod.php(93): Illuminate\\Container\\Util::unwrapIfClosure(Object(Closure))
#4 /home/thanhlongb/gcloud/gcp/vendor/illuminate/container/BoundMethod.php(37): Illuminate\\Container\\BoundMethod::callBoundMethod(Object(Laravel\\Lumen\\Application), Array, Object(Closure))
#5 /home/thanhlongb/gcloud/gcp/vendor/illuminate/container/Container.php(651): Illuminate\\Container\\BoundMethod::call(Object(Laravel\\Lumen\\Application), Array, Array, NULL)
#6 /home/thanhlongb/gcloud/gcp/vendor/laravel/lumen-framework/src/Concerns/RoutesRequests.php(386): Illuminate\\Container\\Container->call(Array, Array)
#7 /home/thanhlongb/gcloud/gcp/vendor/laravel/lumen-framework/src/Concerns/RoutesRequests.php(352): Laravel\\Lumen\\Application->callControllerCallable(Array, Array)
#8 /home/thanhlongb/gcloud/gcp/vendor/laravel/lumen-framework/src/Concerns/RoutesRequests.php(326): Laravel\\Lumen\\Application->callLumenController(Object(App\\Http\\Controllers\\EmployeeController), 'postCreatePage', Array)
#9 /home/thanhlongb/gcloud/gcp/vendor/laravel/lumen-framework/src/Concerns/RoutesRequests.php(279): Laravel\\Lumen\\Application->callControllerAction(Array)
#10 /home/thanhlongb/gcloud/gcp/vendor/laravel/lumen-framework/src/Concerns/RoutesRequests.php(264): Laravel\\Lumen\\Application->callActionOnArrayBasedRoute(Array)
#11 /home/thanhlongb/gcloud/gcp/vendor/laravel/lumen-framework/src/Concerns/RoutesRequests.php(166): Laravel\\Lumen\\Application->handleFoundRoute(Array)
#12 /home/thanhlongb/gcloud/gcp/vendor/laravel/lumen-framework/src/Concerns/RoutesRequests.php(426): Laravel\\Lumen\\Application->Laravel\\Lumen\\Concerns\\{closure}(Object(Laravel\\Lumen\\Http\\Request))
#13 /home/thanhlongb/gcloud/gcp/vendor/laravel/lumen-framework/src/Concerns/RoutesRequests.php(172): Laravel\\Lumen\\Application->sendThroughPipeline(Array, Object(Closure))
#14 /home/thanhlongb/gcloud/gcp/vendor/laravel/lumen-framework/src/Concerns/RoutesRequests.php(109): Laravel\\Lumen\\Application->dispatch(NULL)
#15 /home/thanhlongb/gcloud/gcp/public/index.php(28): Laravel\\Lumen\\Application->run()
#16 {main}
"} 
[2021-07-25 15:01:11] local.ERROR: Undefined variable: employee {"exception":"[object] (ErrorException(code: 0): Undefined variable: employee at /home/thanhlongb/gcloud/gcp/app/Http/Controllers/EmployeeController.php:165)
[stacktrace]
#0 /home/thanhlongb/gcloud/gcp/app/Http/Controllers/EmployeeController.php(165): Laravel\\Lumen\\Application->Laravel\\Lumen\\Concerns\\{closure}(8, 'Undefined varia...', '/home/thanhlong...', 165, Array)
#1 /home/thanhlongb/gcloud/gcp/vendor/illuminate/container/BoundMethod.php(36): App\\Http\\Controllers\\EmployeeController->postCreatePage(Object(Laravel\\Lumen\\Http\\Request))
#2 /home/thanhlongb/gcloud/gcp/vendor/illuminate/container/Util.php(40): Illuminate\\Container\\BoundMethod::Illuminate\\Container\\{closure}()
#3 /home/thanhlongb/gcloud/gcp/vendor/illuminate/container/BoundMethod.php(93): Illuminate\\Container\\Util::unwrapIfClosure(Object(Closure))
#4 /home/thanhlongb/gcloud/gcp/vendor/illuminate/container/BoundMethod.php(37): Illuminate\\Container\\BoundMethod::callBoundMethod(Object(Laravel\\Lumen\\Application), Array, Object(Closure))
#5 /home/thanhlongb/gcloud/gcp/vendor/illuminate/container/Container.php(651): Illuminate\\Container\\BoundMethod::call(Object(Laravel\\Lumen\\Application), Array, Array, NULL)
#6 /home/thanhlongb/gcloud/gcp/vendor/laravel/lumen-framework/src/Concerns/RoutesRequests.php(386): Illuminate\\Container\\Container->call(Array, Array)
#7 /home/thanhlongb/gcloud/gcp/vendor/laravel/lumen-framework/src/Concerns/RoutesRequests.php(352): Laravel\\Lumen\\Application->callControllerCallable(Array, Array)
#8 /home/thanhlongb/gcloud/gcp/vendor/laravel/lumen-framework/src/Concerns/RoutesRequests.php(326): Laravel\\Lumen\\Application->callLumenController(Object(App\\Http\\Controllers\\EmployeeController), 'postCreatePage', Array)
#9 /home/thanhlongb/gcloud/gcp/vendor/laravel/lumen-framework/src/Concerns/RoutesRequests.php(279): Laravel\\Lumen\\Application->callControllerAction(Array)
#10 /home/thanhlongb/gcloud/gcp/vendor/laravel/lumen-framework/src/Concerns/RoutesRequests.php(264): Laravel\\Lumen\\Application->callActionOnArrayBasedRoute(Array)
#11 /home/thanhlongb/gcloud/gcp/vendor/laravel/lumen-framework/src/Concerns/RoutesRequests.php(166): Laravel\\Lumen\\Application->handleFoundRoute(Array)
#12 /home/thanhlongb/gcloud/gcp/vendor/laravel/lumen-framework/src/Concerns/RoutesRequests.php(426): Laravel\\Lumen\\Application->Laravel\\Lumen\\Concerns\\{closure}(Object(Laravel\\Lumen\\Http\\Request))
#13 /home/thanhlongb/gcloud/gcp/vendor/laravel/lumen-framework/src/Concerns/RoutesRequests.php(172): Laravel\\Lumen\\Application->sendThroughPipeline(Array, Object(Closure))
#14 /home/thanhlongb/gcloud/gcp/vendor/laravel/lumen-framework/src/Concerns/RoutesRequests.php(109): Laravel\\Lumen\\Application->dispatch(NULL)
#15 /home/thanhlongb/gcloud/gcp/public/index.php(28): Laravel\\Lumen\\Application->run()
#16 {main}
"} 
[2021-07-25 15:20:52] local.ERROR: Employee ID can't be empty. {"exception":"[object] (Exception(code: 0): Employee ID can't be empty. at /home/thanhlongb/gcloud/gcp/app/Models/Employee.php:93)
[stacktrace]
#0 /home/thanhlongb/gcloud/gcp/app/Http/Controllers/EmployeeController.php(147): App\\Models\\Employee::fromAttributes('', 'thanh long', 'bui', 'male', '21', 'no where', '123')
#1 /home/thanhlongb/gcloud/gcp/vendor/illuminate/container/BoundMethod.php(36): App\\Http\\Controllers\\EmployeeController->postCreatePage(Object(Laravel\\Lumen\\Http\\Request))
#2 /home/thanhlongb/gcloud/gcp/vendor/illuminate/container/Util.php(40): Illuminate\\Container\\BoundMethod::Illuminate\\Container\\{closure}()
#3 /home/thanhlongb/gcloud/gcp/vendor/illuminate/container/BoundMethod.php(93): Illuminate\\Container\\Util::unwrapIfClosure(Object(Closure))
#4 /home/thanhlongb/gcloud/gcp/vendor/illuminate/container/BoundMethod.php(37): Illuminate\\Container\\BoundMethod::callBoundMethod(Object(Laravel\\Lumen\\Application), Array, Object(Closure))
#5 /home/thanhlongb/gcloud/gcp/vendor/illuminate/container/Container.php(651): Illuminate\\Container\\BoundMethod::call(Object(Laravel\\Lumen\\Application), Array, Array, NULL)
#6 /home/thanhlongb/gcloud/gcp/vendor/laravel/lumen-framework/src/Concerns/RoutesRequests.php(386): Illuminate\\Container\\Container->call(Array, Array)
#7 /home/thanhlongb/gcloud/gcp/vendor/laravel/lumen-framework/src/Concerns/RoutesRequests.php(352): Laravel\\Lumen\\Application->callControllerCallable(Array, Array)
#8 /home/thanhlongb/gcloud/gcp/vendor/laravel/lumen-framework/src/Concerns/RoutesRequests.php(326): Laravel\\Lumen\\Application->callLumenController(Object(App\\Http\\Controllers\\EmployeeController), 'postCreatePage', Array)
#9 /home/thanhlongb/gcloud/gcp/vendor/laravel/lumen-framework/src/Concerns/RoutesRequests.php(279): Laravel\\Lumen\\Application->callControllerAction(Array)
#10 /home/thanhlongb/gcloud/gcp/vendor/laravel/lumen-framework/src/Concerns/RoutesRequests.php(264): Laravel\\Lumen\\Application->callActionOnArrayBasedRoute(Array)
#11 /home/thanhlongb/gcloud/gcp/vendor/laravel/lumen-framework/src/Concerns/RoutesRequests.php(166): Laravel\\Lumen\\Application->handleFoundRoute(Array)
#12 /home/thanhlongb/gcloud/gcp/vendor/laravel/lumen-framework/src/Concerns/RoutesRequests.php(426): Laravel\\Lumen\\Application->Laravel\\Lumen\\Concerns\\{closure}(Object(Laravel\\Lumen\\Http\\Request))
#13 /home/thanhlongb/gcloud/gcp/vendor/laravel/lumen-framework/src/Concerns/RoutesRequests.php(172): Laravel\\Lumen\\Application->sendThroughPipeline(Array, Object(Closure))
#14 /home/thanhlongb/gcloud/gcp/vendor/laravel/lumen-framework/src/Concerns/RoutesRequests.php(109): Laravel\\Lumen\\Application->dispatch(NULL)
#15 /home/thanhlongb/gcloud/gcp/public/index.php(28): Laravel\\Lumen\\Application->run()
#16 {main}
"} 
[2021-07-25 15:20:53] local.ERROR: Employee ID can't be empty. {"exception":"[object] (Exception(code: 0): Employee ID can't be empty. at /home/thanhlongb/gcloud/gcp/app/Models/Employee.php:93)
[stacktrace]
#0 /home/thanhlongb/gcloud/gcp/app/Http/Controllers/EmployeeController.php(147): App\\Models\\Employee::fromAttributes('', 'thanh long', 'bui', 'male', '21', 'no where', '123')
#1 /home/thanhlongb/gcloud/gcp/vendor/illuminate/container/BoundMethod.php(36): App\\Http\\Controllers\\EmployeeController->postCreatePage(Object(Laravel\\Lumen\\Http\\Request))
#2 /home/thanhlongb/gcloud/gcp/vendor/illuminate/container/Util.php(40): Illuminate\\Container\\BoundMethod::Illuminate\\Container\\{closure}()
#3 /home/thanhlongb/gcloud/gcp/vendor/illuminate/container/BoundMethod.php(93): Illuminate\\Container\\Util::unwrapIfClosure(Object(Closure))
#4 /home/thanhlongb/gcloud/gcp/vendor/illuminate/container/BoundMethod.php(37): Illuminate\\Container\\BoundMethod::callBoundMethod(Object(Laravel\\Lumen\\Application), Array, Object(Closure))
#5 /home/thanhlongb/gcloud/gcp/vendor/illuminate/container/Container.php(651): Illuminate\\Container\\BoundMethod::call(Object(Laravel\\Lumen\\Application), Array, Array, NULL)
#6 /home/thanhlongb/gcloud/gcp/vendor/laravel/lumen-framework/src/Concerns/RoutesRequests.php(386): Illuminate\\Container\\Container->call(Array, Array)
#7 /home/thanhlongb/gcloud/gcp/vendor/laravel/lumen-framework/src/Concerns/RoutesRequests.php(352): Laravel\\Lumen\\Application->callControllerCallable(Array, Array)
#8 /home/thanhlongb/gcloud/gcp/vendor/laravel/lumen-framework/src/Concerns/RoutesRequests.php(326): Laravel\\Lumen\\Application->callLumenController(Object(App\\Http\\Controllers\\EmployeeController), 'postCreatePage', Array)
#9 /home/thanhlongb/gcloud/gcp/vendor/laravel/lumen-framework/src/Concerns/RoutesRequests.php(279): Laravel\\Lumen\\Application->callControllerAction(Array)
#10 /home/thanhlongb/gcloud/gcp/vendor/laravel/lumen-framework/src/Concerns/RoutesRequests.php(264): Laravel\\Lumen\\Application->callActionOnArrayBasedRoute(Array)
#11 /home/thanhlongb/gcloud/gcp/vendor/laravel/lumen-framework/src/Concerns/RoutesRequests.php(166): Laravel\\Lumen\\Application->handleFoundRoute(Array)
#12 /home/thanhlongb/gcloud/gcp/vendor/laravel/lumen-framework/src/Concerns/RoutesRequests.php(426): Laravel\\Lumen\\Application->Laravel\\Lumen\\Concerns\\{closure}(Object(Laravel\\Lumen\\Http\\Request))
#13 /home/thanhlongb/gcloud/gcp/vendor/laravel/lumen-framework/src/Concerns/RoutesRequests.php(172): Laravel\\Lumen\\Application->sendThroughPipeline(Array, Object(Closure))
#14 /home/thanhlongb/gcloud/gcp/vendor/laravel/lumen-framework/src/Concerns/RoutesRequests.php(109): Laravel\\Lumen\\Application->dispatch(NULL)
#15 /home/thanhlongb/gcloud/gcp/public/index.php(28): Laravel\\Lumen\\Application->run()
#16 {main}
"} 
