[2021-07-18 19:00:58] local.ERROR: array_push() expects parameter 1 to be array, string given {"exception":"[object] (ErrorException(code: 0): array_push() expects parameter 1 to be array, string given at /home/thanhlongb/gcloud/gcp/app/Http/Controllers/EmployeeController.php:152)
[stacktrace]
#0 [internal function]: Laravel\\Lumen\\Application->Laravel\\Lumen\\Concerns\\{closure}(2, 'array_push() ex...', '/home/thanhlong...', 152, Array)
#1 /home/thanhlongb/gcloud/gcp/app/Http/Controllers/EmployeeController.php(152): array_push('\
<!DOCTYPE html...', ',,,,,,')
#2 /home/thanhlongb/gcloud/gcp/app/Http/Controllers/EmployeeController.php(106): App\\Http\\Controllers\\EmployeeController->createEmployee(Object(App\\Models\\Employee))
#3 /home/thanhlongb/gcloud/gcp/vendor/illuminate/container/BoundMethod.php(36): App\\Http\\Controllers\\EmployeeController->create(Object(Laravel\\Lumen\\Http\\Request))
#4 /home/thanhlongb/gcloud/gcp/vendor/illuminate/container/Util.php(40): Illuminate\\Container\\BoundMethod::Illuminate\\Container\\{closure}()
#5 /home/thanhlongb/gcloud/gcp/vendor/illuminate/container/BoundMethod.php(93): Illuminate\\Container\\Util::unwrapIfClosure(Object(Closure))
#6 /home/thanhlongb/gcloud/gcp/vendor/illuminate/container/BoundMethod.php(37): Illuminate\\Container\\BoundMethod::callBoundMethod(Object(Laravel\\Lumen\\Application), Array, Object(Closure))
#7 /home/thanhlongb/gcloud/gcp/vendor/illuminate/container/Container.php(651): Illuminate\\Container\\BoundMethod::call(Object(Laravel\\Lumen\\Application), Array, Array, NULL)
#8 /home/thanhlongb/gcloud/gcp/vendor/laravel/lumen-framework/src/Concerns/RoutesRequests.php(386): Illuminate\\Container\\Container->call(Array, Array)
#9 /home/thanhlongb/gcloud/gcp/vendor/laravel/lumen-framework/src/Concerns/RoutesRequests.php(352): Laravel\\Lumen\\Application->callControllerCallable(Array, Array)
#10 /home/thanhlongb/gcloud/gcp/vendor/laravel/lumen-framework/src/Concerns/RoutesRequests.php(326): Laravel\\Lumen\\Application->callLumenController(Object(App\\Http\\Controllers\\EmployeeController), 'create', Array)
#11 /home/thanhlongb/gcloud/gcp/vendor/laravel/lumen-framework/src/Concerns/RoutesRequests.php(279): Laravel\\Lumen\\Application->callControllerAction(Array)
#12 /home/thanhlongb/gcloud/gcp/vendor/laravel/lumen-framework/src/Concerns/RoutesRequests.php(264): Laravel\\Lumen\\Application->callActionOnArrayBasedRoute(Array)
#13 /home/thanhlongb/gcloud/gcp/vendor/laravel/lumen-framework/src/Concerns/RoutesRequests.php(166): Laravel\\Lumen\\Application->handleFoundRoute(Array)
#14 /home/thanhlongb/gcloud/gcp/vendor/laravel/lumen-framework/src/Concerns/RoutesRequests.php(426): Laravel\\Lumen\\Application->Laravel\\Lumen\\Concerns\\{closure}(Object(Laravel\\Lumen\\Http\\Request))
#15 /home/thanhlongb/gcloud/gcp/vendor/laravel/lumen-framework/src/Concerns/RoutesRequests.php(172): Laravel\\Lumen\\Application->sendThroughPipeline(Array, Object(Closure))
#16 /home/thanhlongb/gcloud/gcp/vendor/laravel/lumen-framework/src/Concerns/RoutesRequests.php(109): Laravel\\Lumen\\Application->dispatch(NULL)
#17 /home/thanhlongb/gcloud/gcp/public/index.php(28): Laravel\\Lumen\\Application->run()
#18 {main}
"} 
[2021-07-18 19:39:05] local.ERROR: file_get_contents(gs://rmit-gc-week2b/data/employees.csv): failed to open stream: &quot;Google\Cloud\Storage\StreamWrapper::stream_open&quot; call failed {"exception":"[object] (ErrorException(code: 0): file_get_contents(gs://rmit-gc-week2b/data/employees.csv): failed to open stream: &quot;Google\\Cloud\\Storage\\StreamWrapper::stream_open&quot; call failed at /home/thanhlongb/gcloud/gcp/app/Http/Controllers/EmployeeController.php:134)
[stacktrace]
#0 [internal function]: Laravel\\Lumen\\Application->Laravel\\Lumen\\Concerns\\{closure}(2, 'file_get_conten...', '/home/thanhlong...', 134, Array)
#1 /home/thanhlongb/gcloud/gcp/app/Http/Controllers/EmployeeController.php(134): file_get_contents('gs://rmit-gc-we...')
#2 /home/thanhlongb/gcloud/gcp/app/Http/Controllers/EmployeeController.php(59): App\\Http\\Controllers\\EmployeeController->readEmployeesData()
#3 /home/thanhlongb/gcloud/gcp/vendor/illuminate/container/BoundMethod.php(36): App\\Http\\Controllers\\EmployeeController->readAll()
#4 /home/thanhlongb/gcloud/gcp/vendor/illuminate/container/Util.php(40): Illuminate\\Container\\BoundMethod::Illuminate\\Container\\{closure}()
#5 /home/thanhlongb/gcloud/gcp/vendor/illuminate/container/BoundMethod.php(93): Illuminate\\Container\\Util::unwrapIfClosure(Object(Closure))
#6 /home/thanhlongb/gcloud/gcp/vendor/illuminate/container/BoundMethod.php(37): Illuminate\\Container\\BoundMethod::callBoundMethod(Object(Laravel\\Lumen\\Application), Array, Object(Closure))
#7 /home/thanhlongb/gcloud/gcp/vendor/illuminate/container/Container.php(651): Illuminate\\Container\\BoundMethod::call(Object(Laravel\\Lumen\\Application), Array, Array, NULL)
#8 /home/thanhlongb/gcloud/gcp/vendor/laravel/lumen-framework/src/Concerns/RoutesRequests.php(386): Illuminate\\Container\\Container->call(Array, Array)
#9 /home/thanhlongb/gcloud/gcp/vendor/laravel/lumen-framework/src/Concerns/RoutesRequests.php(352): Laravel\\Lumen\\Application->callControllerCallable(Array, Array)
#10 /home/thanhlongb/gcloud/gcp/vendor/laravel/lumen-framework/src/Concerns/RoutesRequests.php(326): Laravel\\Lumen\\Application->callLumenController(Object(App\\Http\\Controllers\\EmployeeController), 'readAll', Array)
#11 /home/thanhlongb/gcloud/gcp/vendor/laravel/lumen-framework/src/Concerns/RoutesRequests.php(279): Laravel\\Lumen\\Application->callControllerAction(Array)
#12 /home/thanhlongb/gcloud/gcp/vendor/laravel/lumen-framework/src/Concerns/RoutesRequests.php(264): Laravel\\Lumen\\Application->callActionOnArrayBasedRoute(Array)
#13 /home/thanhlongb/gcloud/gcp/vendor/laravel/lumen-framework/src/Concerns/RoutesRequests.php(166): Laravel\\Lumen\\Application->handleFoundRoute(Array)
#14 /home/thanhlongb/gcloud/gcp/vendor/laravel/lumen-framework/src/Concerns/RoutesRequests.php(426): Laravel\\Lumen\\Application->Laravel\\Lumen\\Concerns\\{closure}(Object(Laravel\\Lumen\\Http\\Request))
#15 /home/thanhlongb/gcloud/gcp/vendor/laravel/lumen-framework/src/Concerns/RoutesRequests.php(172): Laravel\\Lumen\\Application->sendThroughPipeline(Array, Object(Closure))
#16 /home/thanhlongb/gcloud/gcp/vendor/laravel/lumen-framework/src/Concerns/RoutesRequests.php(109): Laravel\\Lumen\\Application->dispatch(NULL)
#17 /home/thanhlongb/gcloud/gcp/public/index.php(28): Laravel\\Lumen\\Application->run()
#18 {main}
"} 
