[2021-07-23 20:54:08] local.ERROR: Connection refused for URI https://oauth2.googleapis.com/token {"exception":"[object] (Google\\Cloud\\Core\\Exception\\ServiceException(code: 0): Connection refused for URI https://oauth2.googleapis.com/token at /home/thanhlongb/gcloud/gcp/vendor/google/cloud-core/src/RequestWrapper.php:368)
[stacktrace]
#0 /home/thanhlongb/gcloud/gcp/vendor/google/cloud-core/src/RequestWrapper.php(207): Google\\Cloud\\Core\\RequestWrapper->convertToGoogleException(Object(Google\\Cloud\\Core\\Exception\\ServiceException))
#1 /home/thanhlongb/gcloud/gcp/vendor/google/cloud-core/src/RestTrait.php(97): Google\\Cloud\\Core\\RequestWrapper->send(Object(GuzzleHttp\\Psr7\\Request), Array)
#2 /home/thanhlongb/gcloud/gcp/vendor/google/cloud-storage/src/Connection/Rest.php(224): Google\\Cloud\\Storage\\Connection\\Rest->send('objects', 'get', Array)
#3 /home/thanhlongb/gcloud/gcp/vendor/google/cloud-storage/src/StorageObject.php(147): Google\\Cloud\\Storage\\Connection\\Rest->getObject(Array)
#4 /home/thanhlongb/gcloud/gcp/app/Http/Controllers/EmployeeController.php(163): Google\\Cloud\\Storage\\StorageObject->exists()
#5 /home/thanhlongb/gcloud/gcp/app/Http/Controllers/EmployeeController.php(34): App\\Http\\Controllers\\EmployeeController->loadEmployeesData()
#6 [internal function]: App\\Http\\Controllers\\EmployeeController->__construct()
#7 /home/thanhlongb/gcloud/gcp/vendor/illuminate/container/Container.php(917): ReflectionClass->newInstanceArgs(Array)
#8 /home/thanhlongb/gcloud/gcp/vendor/illuminate/container/Container.php(754): Illuminate\\Container\\Container->build('App\\\\Http\\\\Contro...')
#9 /home/thanhlongb/gcloud/gcp/vendor/illuminate/container/Container.php(692): Illuminate\\Container\\Container->resolve('App\\\\Http\\\\Contro...', Array)
#10 /home/thanhlongb/gcloud/gcp/vendor/laravel/lumen-framework/src/Application.php(300): Illuminate\\Container\\Container->make('App\\\\Http\\\\Contro...', Array)
#11 /home/thanhlongb/gcloud/gcp/vendor/laravel/lumen-framework/src/Concerns/RoutesRequests.php(321): Laravel\\Lumen\\Application->make('App\\\\Http\\\\Contro...')
#12 /home/thanhlongb/gcloud/gcp/vendor/laravel/lumen-framework/src/Concerns/RoutesRequests.php(279): Laravel\\Lumen\\Application->callControllerAction(Array)
#13 /home/thanhlongb/gcloud/gcp/vendor/laravel/lumen-framework/src/Concerns/RoutesRequests.php(264): Laravel\\Lumen\\Application->callActionOnArrayBasedRoute(Array)
#14 /home/thanhlongb/gcloud/gcp/vendor/laravel/lumen-framework/src/Concerns/RoutesRequests.php(166): Laravel\\Lumen\\Application->handleFoundRoute(Array)
#15 /home/thanhlongb/gcloud/gcp/vendor/laravel/lumen-framework/src/Concerns/RoutesRequests.php(426): Laravel\\Lumen\\Application->Laravel\\Lumen\\Concerns\\{closure}(Object(Laravel\\Lumen\\Http\\Request))
#16 /home/thanhlongb/gcloud/gcp/vendor/laravel/lumen-framework/src/Concerns/RoutesRequests.php(172): Laravel\\Lumen\\Application->sendThroughPipeline(Array, Object(Closure))
#17 /home/thanhlongb/gcloud/gcp/vendor/laravel/lumen-framework/src/Concerns/RoutesRequests.php(109): Laravel\\Lumen\\Application->dispatch(NULL)
#18 /home/thanhlongb/gcloud/gcp/public/index.php(28): Laravel\\Lumen\\Application->run()
#19 {main}
"} 
