[2021-07-20 01:28:06] local.ERROR: {"error":"invalid_grant","error_description":"Invalid JWT: Token must be a short-lived token (60 minutes) and in a reasonable timeframe. Check your iat and exp values in the JWT claim."} {"exception":"[object] (Google\\Cloud\\Core\\Exception\\BadRequestException(code: 400): {\"error\":\"invalid_grant\",\"error_description\":\"Invalid JWT: Token must be a short-lived token (60 minutes) and in a reasonable timeframe. Check your iat and exp values in the JWT claim.\"} at /home/thanhlongb/gcloud/gcp/vendor/google/cloud-core/src/RequestWrapper.php:368)
[stacktrace]
#0 /home/thanhlongb/gcloud/gcp/vendor/google/cloud-core/src/RequestWrapper.php(207): Google\\Cloud\\Core\\RequestWrapper->convertToGoogleException(Object(Google\\Cloud\\Core\\Exception\\BadRequestException))
#1 /home/thanhlongb/gcloud/gcp/vendor/google/cloud-core/src/RestTrait.php(97): Google\\Cloud\\Core\\RequestWrapper->send(Object(GuzzleHttp\\Psr7\\Request), Array)
#2 /home/thanhlongb/gcloud/gcp/vendor/google/cloud-storage/src/Connection/Rest.php(224): Google\\Cloud\\Storage\\Connection\\Rest->send('objects', 'get', Array)
#3 /home/thanhlongb/gcloud/gcp/vendor/google/cloud-storage/src/StorageObject.php(147): Google\\Cloud\\Storage\\Connection\\Rest->getObject(Array)
#4 /home/thanhlongb/gcloud/gcp/app/Http/Controllers/EmployeeController.php(145): Google\\Cloud\\Storage\\StorageObject->exists()
#5 /home/thanhlongb/gcloud/gcp/app/Http/Controllers/EmployeeController.php(56): App\\Http\\Controllers\\EmployeeController->readEmployeesData()
#6 /home/thanhlongb/gcloud/gcp/vendor/illuminate/container/BoundMethod.php(36): App\\Http\\Controllers\\EmployeeController->home()
#7 /home/thanhlongb/gcloud/gcp/vendor/illuminate/container/Util.php(40): Illuminate\\Container\\BoundMethod::Illuminate\\Container\\{closure}()
#8 /home/thanhlongb/gcloud/gcp/vendor/illuminate/container/BoundMethod.php(93): Illuminate\\Container\\Util::unwrapIfClosure(Object(Closure))
#9 /home/thanhlongb/gcloud/gcp/vendor/illuminate/container/BoundMethod.php(37): Illuminate\\Container\\BoundMethod::callBoundMethod(Object(Laravel\\Lumen\\Application), Array, Object(Closure))
#10 /home/thanhlongb/gcloud/gcp/vendor/illuminate/container/Container.php(651): Illuminate\\Container\\BoundMethod::call(Object(Laravel\\Lumen\\Application), Array, Array, NULL)
#11 /home/thanhlongb/gcloud/gcp/vendor/laravel/lumen-framework/src/Concerns/RoutesRequests.php(386): Illuminate\\Container\\Container->call(Array, Array)
#12 /home/thanhlongb/gcloud/gcp/vendor/laravel/lumen-framework/src/Concerns/RoutesRequests.php(352): Laravel\\Lumen\\Application->callControllerCallable(Array, Array)
#13 /home/thanhlongb/gcloud/gcp/vendor/laravel/lumen-framework/src/Concerns/RoutesRequests.php(326): Laravel\\Lumen\\Application->callLumenController(Object(App\\Http\\Controllers\\EmployeeController), 'home', Array)
#14 /home/thanhlongb/gcloud/gcp/vendor/laravel/lumen-framework/src/Concerns/RoutesRequests.php(279): Laravel\\Lumen\\Application->callControllerAction(Array)
#15 /home/thanhlongb/gcloud/gcp/vendor/laravel/lumen-framework/src/Concerns/RoutesRequests.php(264): Laravel\\Lumen\\Application->callActionOnArrayBasedRoute(Array)
#16 /home/thanhlongb/gcloud/gcp/vendor/laravel/lumen-framework/src/Concerns/RoutesRequests.php(166): Laravel\\Lumen\\Application->handleFoundRoute(Array)
#17 /home/thanhlongb/gcloud/gcp/vendor/laravel/lumen-framework/src/Concerns/RoutesRequests.php(426): Laravel\\Lumen\\Application->Laravel\\Lumen\\Concerns\\{closure}(Object(Laravel\\Lumen\\Http\\Request))
#18 /home/thanhlongb/gcloud/gcp/vendor/laravel/lumen-framework/src/Concerns/RoutesRequests.php(172): Laravel\\Lumen\\Application->sendThroughPipeline(Array, Object(Closure))
#19 /home/thanhlongb/gcloud/gcp/vendor/laravel/lumen-framework/src/Concerns/RoutesRequests.php(109): Laravel\\Lumen\\Application->dispatch(NULL)
#20 /home/thanhlongb/gcloud/gcp/public/index.php(28): Laravel\\Lumen\\Application->run()
#21 {main}
"} 
[2021-07-20 08:25:55] local.ERROR: Undefined offset: 1 {"exception":"[object] (ErrorException(code: 0): Undefined offset: 1 at /home/thanhlongb/gcloud/gcp/app/Models/Employee.php:37)
[stacktrace]
#0 /home/thanhlongb/gcloud/gcp/app/Models/Employee.php(37): Laravel\\Lumen\\Application->Laravel\\Lumen\\Concerns\\{closure}(8, 'Undefined offse...', '/home/thanhlong...', 37, Array)
#1 /home/thanhlongb/gcloud/gcp/app/Http/Controllers/EmployeeController.php(59): App\\Models\\Employee->loadRawData('')
#2 /home/thanhlongb/gcloud/gcp/vendor/illuminate/container/BoundMethod.php(36): App\\Http\\Controllers\\EmployeeController->home()
#3 /home/thanhlongb/gcloud/gcp/vendor/illuminate/container/Util.php(40): Illuminate\\Container\\BoundMethod::Illuminate\\Container\\{closure}()
#4 /home/thanhlongb/gcloud/gcp/vendor/illuminate/container/BoundMethod.php(93): Illuminate\\Container\\Util::unwrapIfClosure(Object(Closure))
#5 /home/thanhlongb/gcloud/gcp/vendor/illuminate/container/BoundMethod.php(37): Illuminate\\Container\\BoundMethod::callBoundMethod(Object(Laravel\\Lumen\\Application), Array, Object(Closure))
#6 /home/thanhlongb/gcloud/gcp/vendor/illuminate/container/Container.php(651): Illuminate\\Container\\BoundMethod::call(Object(Laravel\\Lumen\\Application), Array, Array, NULL)
#7 /home/thanhlongb/gcloud/gcp/vendor/laravel/lumen-framework/src/Concerns/RoutesRequests.php(386): Illuminate\\Container\\Container->call(Array, Array)
#8 /home/thanhlongb/gcloud/gcp/vendor/laravel/lumen-framework/src/Concerns/RoutesRequests.php(352): Laravel\\Lumen\\Application->callControllerCallable(Array, Array)
#9 /home/thanhlongb/gcloud/gcp/vendor/laravel/lumen-framework/src/Concerns/RoutesRequests.php(326): Laravel\\Lumen\\Application->callLumenController(Object(App\\Http\\Controllers\\EmployeeController), 'home', Array)
#10 /home/thanhlongb/gcloud/gcp/vendor/laravel/lumen-framework/src/Concerns/RoutesRequests.php(279): Laravel\\Lumen\\Application->callControllerAction(Array)
#11 /home/thanhlongb/gcloud/gcp/vendor/laravel/lumen-framework/src/Concerns/RoutesRequests.php(264): Laravel\\Lumen\\Application->callActionOnArrayBasedRoute(Array)
#12 /home/thanhlongb/gcloud/gcp/vendor/laravel/lumen-framework/src/Concerns/RoutesRequests.php(166): Laravel\\Lumen\\Application->handleFoundRoute(Array)
#13 /home/thanhlongb/gcloud/gcp/vendor/laravel/lumen-framework/src/Concerns/RoutesRequests.php(426): Laravel\\Lumen\\Application->Laravel\\Lumen\\Concerns\\{closure}(Object(Laravel\\Lumen\\Http\\Request))
#14 /home/thanhlongb/gcloud/gcp/vendor/laravel/lumen-framework/src/Concerns/RoutesRequests.php(172): Laravel\\Lumen\\Application->sendThroughPipeline(Array, Object(Closure))
#15 /home/thanhlongb/gcloud/gcp/vendor/laravel/lumen-framework/src/Concerns/RoutesRequests.php(109): Laravel\\Lumen\\Application->dispatch(NULL)
#16 /home/thanhlongb/gcloud/gcp/public/index.php(28): Laravel\\Lumen\\Application->run()
#17 {main}
"} 
[2021-07-20 08:39:14] local.ERROR: Undefined variable: employeeObjs {"exception":"[object] (ErrorException(code: 0): Undefined variable: employeeObjs at /home/thanhlongb/gcloud/gcp/app/Http/Controllers/EmployeeController.php:64)
[stacktrace]
#0 /home/thanhlongb/gcloud/gcp/app/Http/Controllers/EmployeeController.php(64): Laravel\\Lumen\\Application->Laravel\\Lumen\\Concerns\\{closure}(8, 'Undefined varia...', '/home/thanhlong...', 64, Array)
#1 /home/thanhlongb/gcloud/gcp/vendor/illuminate/container/BoundMethod.php(36): App\\Http\\Controllers\\EmployeeController->home()
#2 /home/thanhlongb/gcloud/gcp/vendor/illuminate/container/Util.php(40): Illuminate\\Container\\BoundMethod::Illuminate\\Container\\{closure}()
#3 /home/thanhlongb/gcloud/gcp/vendor/illuminate/container/BoundMethod.php(93): Illuminate\\Container\\Util::unwrapIfClosure(Object(Closure))
#4 /home/thanhlongb/gcloud/gcp/vendor/illuminate/container/BoundMethod.php(37): Illuminate\\Container\\BoundMethod::callBoundMethod(Object(Laravel\\Lumen\\Application), Array, Object(Closure))
#5 /home/thanhlongb/gcloud/gcp/vendor/illuminate/container/Container.php(651): Illuminate\\Container\\BoundMethod::call(Object(Laravel\\Lumen\\Application), Array, Array, NULL)
#6 /home/thanhlongb/gcloud/gcp/vendor/laravel/lumen-framework/src/Concerns/RoutesRequests.php(386): Illuminate\\Container\\Container->call(Array, Array)
#7 /home/thanhlongb/gcloud/gcp/vendor/laravel/lumen-framework/src/Concerns/RoutesRequests.php(352): Laravel\\Lumen\\Application->callControllerCallable(Array, Array)
#8 /home/thanhlongb/gcloud/gcp/vendor/laravel/lumen-framework/src/Concerns/RoutesRequests.php(326): Laravel\\Lumen\\Application->callLumenController(Object(App\\Http\\Controllers\\EmployeeController), 'home', Array)
#9 /home/thanhlongb/gcloud/gcp/vendor/laravel/lumen-framework/src/Concerns/RoutesRequests.php(279): Laravel\\Lumen\\Application->callControllerAction(Array)
#10 /home/thanhlongb/gcloud/gcp/vendor/laravel/lumen-framework/src/Concerns/RoutesRequests.php(264): Laravel\\Lumen\\Application->callActionOnArrayBasedRoute(Array)
#11 /home/thanhlongb/gcloud/gcp/vendor/laravel/lumen-framework/src/Concerns/RoutesRequests.php(166): Laravel\\Lumen\\Application->handleFoundRoute(Array)
#12 /home/thanhlongb/gcloud/gcp/vendor/laravel/lumen-framework/src/Concerns/RoutesRequests.php(426): Laravel\\Lumen\\Application->Laravel\\Lumen\\Concerns\\{closure}(Object(Laravel\\Lumen\\Http\\Request))
#13 /home/thanhlongb/gcloud/gcp/vendor/laravel/lumen-framework/src/Concerns/RoutesRequests.php(172): Laravel\\Lumen\\Application->sendThroughPipeline(Array, Object(Closure))
#14 /home/thanhlongb/gcloud/gcp/vendor/laravel/lumen-framework/src/Concerns/RoutesRequests.php(109): Laravel\\Lumen\\Application->dispatch(NULL)
#15 /home/thanhlongb/gcloud/gcp/public/index.php(28): Laravel\\Lumen\\Application->run()
#16 {main}
"} 
[2021-07-20 08:50:18] local.ERROR: Cannot access uninitialized non-nullable property App\Http\Controllers\EmployeeController::$employees by reference {"exception":"[object] (Error(code: 0): Cannot access uninitialized non-nullable property App\\Http\\Controllers\\EmployeeController::$employees by reference at /home/thanhlongb/gcloud/gcp/app/Http/Controllers/EmployeeController.php:149)
[stacktrace]
#0 /home/thanhlongb/gcloud/gcp/app/Http/Controllers/EmployeeController.php(34): App\\Http\\Controllers\\EmployeeController->loadEmployeesData()
#1 [internal function]: App\\Http\\Controllers\\EmployeeController->__construct()
#2 /home/thanhlongb/gcloud/gcp/vendor/illuminate/container/Container.php(917): ReflectionClass->newInstanceArgs(Array)
#3 /home/thanhlongb/gcloud/gcp/vendor/illuminate/container/Container.php(754): Illuminate\\Container\\Container->build('App\\\\Http\\\\Contro...')
#4 /home/thanhlongb/gcloud/gcp/vendor/illuminate/container/Container.php(692): Illuminate\\Container\\Container->resolve('App\\\\Http\\\\Contro...', Array)
#5 /home/thanhlongb/gcloud/gcp/vendor/laravel/lumen-framework/src/Application.php(300): Illuminate\\Container\\Container->make('App\\\\Http\\\\Contro...', Array)
#6 /home/thanhlongb/gcloud/gcp/vendor/laravel/lumen-framework/src/Concerns/RoutesRequests.php(321): Laravel\\Lumen\\Application->make('App\\\\Http\\\\Contro...')
#7 /home/thanhlongb/gcloud/gcp/vendor/laravel/lumen-framework/src/Concerns/RoutesRequests.php(279): Laravel\\Lumen\\Application->callControllerAction(Array)
#8 /home/thanhlongb/gcloud/gcp/vendor/laravel/lumen-framework/src/Concerns/RoutesRequests.php(264): Laravel\\Lumen\\Application->callActionOnArrayBasedRoute(Array)
#9 /home/thanhlongb/gcloud/gcp/vendor/laravel/lumen-framework/src/Concerns/RoutesRequests.php(166): Laravel\\Lumen\\Application->handleFoundRoute(Array)
#10 /home/thanhlongb/gcloud/gcp/vendor/laravel/lumen-framework/src/Concerns/RoutesRequests.php(426): Laravel\\Lumen\\Application->Laravel\\Lumen\\Concerns\\{closure}(Object(Laravel\\Lumen\\Http\\Request))
#11 /home/thanhlongb/gcloud/gcp/vendor/laravel/lumen-framework/src/Concerns/RoutesRequests.php(172): Laravel\\Lumen\\Application->sendThroughPipeline(Array, Object(Closure))
#12 /home/thanhlongb/gcloud/gcp/vendor/laravel/lumen-framework/src/Concerns/RoutesRequests.php(109): Laravel\\Lumen\\Application->dispatch(NULL)
#13 /home/thanhlongb/gcloud/gcp/public/index.php(28): Laravel\\Lumen\\Application->run()
#14 {main}
"} 
[2021-07-20 08:50:58] local.ERROR: Cannot access uninitialized non-nullable property App\Http\Controllers\EmployeeController::$employees by reference {"exception":"[object] (Error(code: 0): Cannot access uninitialized non-nullable property App\\Http\\Controllers\\EmployeeController::$employees by reference at /home/thanhlongb/gcloud/gcp/app/Http/Controllers/EmployeeController.php:148)
[stacktrace]
#0 /home/thanhlongb/gcloud/gcp/app/Http/Controllers/EmployeeController.php(34): App\\Http\\Controllers\\EmployeeController->loadEmployeesData()
#1 [internal function]: App\\Http\\Controllers\\EmployeeController->__construct()
#2 /home/thanhlongb/gcloud/gcp/vendor/illuminate/container/Container.php(917): ReflectionClass->newInstanceArgs(Array)
#3 /home/thanhlongb/gcloud/gcp/vendor/illuminate/container/Container.php(754): Illuminate\\Container\\Container->build('App\\\\Http\\\\Contro...')
#4 /home/thanhlongb/gcloud/gcp/vendor/illuminate/container/Container.php(692): Illuminate\\Container\\Container->resolve('App\\\\Http\\\\Contro...', Array)
#5 /home/thanhlongb/gcloud/gcp/vendor/laravel/lumen-framework/src/Application.php(300): Illuminate\\Container\\Container->make('App\\\\Http\\\\Contro...', Array)
#6 /home/thanhlongb/gcloud/gcp/vendor/laravel/lumen-framework/src/Concerns/RoutesRequests.php(321): Laravel\\Lumen\\Application->make('App\\\\Http\\\\Contro...')
#7 /home/thanhlongb/gcloud/gcp/vendor/laravel/lumen-framework/src/Concerns/RoutesRequests.php(279): Laravel\\Lumen\\Application->callControllerAction(Array)
#8 /home/thanhlongb/gcloud/gcp/vendor/laravel/lumen-framework/src/Concerns/RoutesRequests.php(264): Laravel\\Lumen\\Application->callActionOnArrayBasedRoute(Array)
#9 /home/thanhlongb/gcloud/gcp/vendor/laravel/lumen-framework/src/Concerns/RoutesRequests.php(166): Laravel\\Lumen\\Application->handleFoundRoute(Array)
#10 /home/thanhlongb/gcloud/gcp/vendor/laravel/lumen-framework/src/Concerns/RoutesRequests.php(426): Laravel\\Lumen\\Application->Laravel\\Lumen\\Concerns\\{closure}(Object(Laravel\\Lumen\\Http\\Request))
#11 /home/thanhlongb/gcloud/gcp/vendor/laravel/lumen-framework/src/Concerns/RoutesRequests.php(172): Laravel\\Lumen\\Application->sendThroughPipeline(Array, Object(Closure))
#12 /home/thanhlongb/gcloud/gcp/vendor/laravel/lumen-framework/src/Concerns/RoutesRequests.php(109): Laravel\\Lumen\\Application->dispatch(NULL)
#13 /home/thanhlongb/gcloud/gcp/public/index.php(28): Laravel\\Lumen\\Application->run()
#14 {main}
"} 
