[2021-07-15 04:35:20] local.ERROR: {"error":"invalid_grant","error_description":"Invalid JWT: Token must be a short-lived token (60 minutes) and in a reasonable timeframe. Check your iat and exp values in the JWT claim."} {"exception":"[object] (Google\\Cloud\\Core\\Exception\\BadRequestException(code: 400): {\"error\":\"invalid_grant\",\"error_description\":\"Invalid JWT: Token must be a short-lived token (60 minutes) and in a reasonable timeframe. Check your iat and exp values in the JWT claim.\"} at /home/thanhlongb/gcloud/gcp/vendor/google/cloud-core/src/RequestWrapper.php:368)
[stacktrace]
#0 /home/thanhlongb/gcloud/gcp/vendor/google/cloud-core/src/RequestWrapper.php(207): Google\\Cloud\\Core\\RequestWrapper->convertToGoogleException(Object(Google\\Cloud\\Core\\Exception\\BadRequestException))
#1 /home/thanhlongb/gcloud/gcp/vendor/google/cloud-core/src/RestTrait.php(97): Google\\Cloud\\Core\\RequestWrapper->send(Object(GuzzleHttp\\Psr7\\Request), Array)
#2 /home/thanhlongb/gcloud/gcp/vendor/google/cloud-bigquery/src/Connection/Rest.php(239): Google\\Cloud\\BigQuery\\Connection\\Rest->send('jobs', 'insert', Array)
#3 /home/thanhlongb/gcloud/gcp/vendor/google/cloud-bigquery/src/BigQueryClient.php(701): Google\\Cloud\\BigQuery\\Connection\\Rest->insertJob(Array)
#4 /home/thanhlongb/gcloud/gcp/vendor/google/cloud-bigquery/src/BigQueryClient.php(399): Google\\Cloud\\BigQuery\\BigQueryClient->startJob(Array, Array)
#5 /home/thanhlongb/gcloud/gcp/vendor/google/cloud-bigquery/src/BigQueryClient.php(363): Google\\Cloud\\BigQuery\\BigQueryClient->startQuery(Object(Google\\Cloud\\BigQuery\\QueryJobConfiguration), Array)
#6 /home/thanhlongb/gcloud/gcp/app/Http/Controllers/EmployeeController.php(123): Google\\Cloud\\BigQuery\\BigQueryClient->runQuery(Object(Google\\Cloud\\BigQuery\\QueryJobConfiguration))
#7 /home/thanhlongb/gcloud/gcp/app/Http/Controllers/EmployeeController.php(42): App\\Http\\Controllers\\EmployeeController->getQueryResult('SELECT name, ge...')
#8 /home/thanhlongb/gcloud/gcp/vendor/illuminate/container/BoundMethod.php(36): App\\Http\\Controllers\\EmployeeController->home1()
#9 /home/thanhlongb/gcloud/gcp/vendor/illuminate/container/Util.php(40): Illuminate\\Container\\BoundMethod::Illuminate\\Container\\{closure}()
#10 /home/thanhlongb/gcloud/gcp/vendor/illuminate/container/BoundMethod.php(93): Illuminate\\Container\\Util::unwrapIfClosure(Object(Closure))
#11 /home/thanhlongb/gcloud/gcp/vendor/illuminate/container/BoundMethod.php(37): Illuminate\\Container\\BoundMethod::callBoundMethod(Object(Laravel\\Lumen\\Application), Array, Object(Closure))
#12 /home/thanhlongb/gcloud/gcp/vendor/illuminate/container/Container.php(651): Illuminate\\Container\\BoundMethod::call(Object(Laravel\\Lumen\\Application), Array, Array, NULL)
#13 /home/thanhlongb/gcloud/gcp/vendor/laravel/lumen-framework/src/Concerns/RoutesRequests.php(386): Illuminate\\Container\\Container->call(Array, Array)
#14 /home/thanhlongb/gcloud/gcp/vendor/laravel/lumen-framework/src/Concerns/RoutesRequests.php(352): Laravel\\Lumen\\Application->callControllerCallable(Array, Array)
#15 /home/thanhlongb/gcloud/gcp/vendor/laravel/lumen-framework/src/Concerns/RoutesRequests.php(326): Laravel\\Lumen\\Application->callLumenController(Object(App\\Http\\Controllers\\EmployeeController), 'home1', Array)
#16 /home/thanhlongb/gcloud/gcp/vendor/laravel/lumen-framework/src/Concerns/RoutesRequests.php(279): Laravel\\Lumen\\Application->callControllerAction(Array)
#17 /home/thanhlongb/gcloud/gcp/vendor/laravel/lumen-framework/src/Concerns/RoutesRequests.php(264): Laravel\\Lumen\\Application->callActionOnArrayBasedRoute(Array)
#18 /home/thanhlongb/gcloud/gcp/vendor/laravel/lumen-framework/src/Concerns/RoutesRequests.php(166): Laravel\\Lumen\\Application->handleFoundRoute(Array)
#19 /home/thanhlongb/gcloud/gcp/vendor/laravel/lumen-framework/src/Concerns/RoutesRequests.php(426): Laravel\\Lumen\\Application->Laravel\\Lumen\\Concerns\\{closure}(Object(Laravel\\Lumen\\Http\\Request))
#20 /home/thanhlongb/gcloud/gcp/vendor/laravel/lumen-framework/src/Concerns/RoutesRequests.php(172): Laravel\\Lumen\\Application->sendThroughPipeline(Array, Object(Closure))
#21 /home/thanhlongb/gcloud/gcp/vendor/laravel/lumen-framework/src/Concerns/RoutesRequests.php(109): Laravel\\Lumen\\Application->dispatch(NULL)
#22 /home/thanhlongb/gcloud/gcp/public/index.php(28): Laravel\\Lumen\\Application->run()
#23 {main}
"} 
[2021-07-15 04:36:07] local.ERROR: {"error":"invalid_grant","error_description":"Invalid JWT: Token must be a short-lived token (60 minutes) and in a reasonable timeframe. Check your iat and exp values in the JWT claim."} {"exception":"[object] (Google\\Cloud\\Core\\Exception\\BadRequestException(code: 400): {\"error\":\"invalid_grant\",\"error_description\":\"Invalid JWT: Token must be a short-lived token (60 minutes) and in a reasonable timeframe. Check your iat and exp values in the JWT claim.\"} at /home/thanhlongb/gcloud/gcp/vendor/google/cloud-core/src/RequestWrapper.php:368)
[stacktrace]
#0 /home/thanhlongb/gcloud/gcp/vendor/google/cloud-core/src/RequestWrapper.php(207): Google\\Cloud\\Core\\RequestWrapper->convertToGoogleException(Object(Google\\Cloud\\Core\\Exception\\BadRequestException))
#1 /home/thanhlongb/gcloud/gcp/vendor/google/cloud-core/src/RestTrait.php(97): Google\\Cloud\\Core\\RequestWrapper->send(Object(GuzzleHttp\\Psr7\\Request), Array)
#2 /home/thanhlongb/gcloud/gcp/vendor/google/cloud-bigquery/src/Connection/Rest.php(239): Google\\Cloud\\BigQuery\\Connection\\Rest->send('jobs', 'insert', Array)
#3 /home/thanhlongb/gcloud/gcp/vendor/google/cloud-bigquery/src/BigQueryClient.php(701): Google\\Cloud\\BigQuery\\Connection\\Rest->insertJob(Array)
#4 /home/thanhlongb/gcloud/gcp/vendor/google/cloud-bigquery/src/BigQueryClient.php(399): Google\\Cloud\\BigQuery\\BigQueryClient->startJob(Array, Array)
#5 /home/thanhlongb/gcloud/gcp/vendor/google/cloud-bigquery/src/BigQueryClient.php(363): Google\\Cloud\\BigQuery\\BigQueryClient->startQuery(Object(Google\\Cloud\\BigQuery\\QueryJobConfiguration), Array)
#6 /home/thanhlongb/gcloud/gcp/app/Http/Controllers/EmployeeController.php(123): Google\\Cloud\\BigQuery\\BigQueryClient->runQuery(Object(Google\\Cloud\\BigQuery\\QueryJobConfiguration))
#7 /home/thanhlongb/gcloud/gcp/app/Http/Controllers/EmployeeController.php(42): App\\Http\\Controllers\\EmployeeController->getQueryResult('SELECT name, ge...')
#8 /home/thanhlongb/gcloud/gcp/vendor/illuminate/container/BoundMethod.php(36): App\\Http\\Controllers\\EmployeeController->home1()
#9 /home/thanhlongb/gcloud/gcp/vendor/illuminate/container/Util.php(40): Illuminate\\Container\\BoundMethod::Illuminate\\Container\\{closure}()
#10 /home/thanhlongb/gcloud/gcp/vendor/illuminate/container/BoundMethod.php(93): Illuminate\\Container\\Util::unwrapIfClosure(Object(Closure))
#11 /home/thanhlongb/gcloud/gcp/vendor/illuminate/container/BoundMethod.php(37): Illuminate\\Container\\BoundMethod::callBoundMethod(Object(Laravel\\Lumen\\Application), Array, Object(Closure))
#12 /home/thanhlongb/gcloud/gcp/vendor/illuminate/container/Container.php(651): Illuminate\\Container\\BoundMethod::call(Object(Laravel\\Lumen\\Application), Array, Array, NULL)
#13 /home/thanhlongb/gcloud/gcp/vendor/laravel/lumen-framework/src/Concerns/RoutesRequests.php(386): Illuminate\\Container\\Container->call(Array, Array)
#14 /home/thanhlongb/gcloud/gcp/vendor/laravel/lumen-framework/src/Concerns/RoutesRequests.php(352): Laravel\\Lumen\\Application->callControllerCallable(Array, Array)
#15 /home/thanhlongb/gcloud/gcp/vendor/laravel/lumen-framework/src/Concerns/RoutesRequests.php(326): Laravel\\Lumen\\Application->callLumenController(Object(App\\Http\\Controllers\\EmployeeController), 'home1', Array)
#16 /home/thanhlongb/gcloud/gcp/vendor/laravel/lumen-framework/src/Concerns/RoutesRequests.php(279): Laravel\\Lumen\\Application->callControllerAction(Array)
#17 /home/thanhlongb/gcloud/gcp/vendor/laravel/lumen-framework/src/Concerns/RoutesRequests.php(264): Laravel\\Lumen\\Application->callActionOnArrayBasedRoute(Array)
#18 /home/thanhlongb/gcloud/gcp/vendor/laravel/lumen-framework/src/Concerns/RoutesRequests.php(166): Laravel\\Lumen\\Application->handleFoundRoute(Array)
#19 /home/thanhlongb/gcloud/gcp/vendor/laravel/lumen-framework/src/Concerns/RoutesRequests.php(426): Laravel\\Lumen\\Application->Laravel\\Lumen\\Concerns\\{closure}(Object(Laravel\\Lumen\\Http\\Request))
#20 /home/thanhlongb/gcloud/gcp/vendor/laravel/lumen-framework/src/Concerns/RoutesRequests.php(172): Laravel\\Lumen\\Application->sendThroughPipeline(Array, Object(Closure))
#21 /home/thanhlongb/gcloud/gcp/vendor/laravel/lumen-framework/src/Concerns/RoutesRequests.php(109): Laravel\\Lumen\\Application->dispatch(NULL)
#22 /home/thanhlongb/gcloud/gcp/public/index.php(28): Laravel\\Lumen\\Application->run()
#23 {main}
"} 
[2021-07-15 04:37:41] local.ERROR: {"error":"invalid_grant","error_description":"Invalid JWT: Token must be a short-lived token (60 minutes) and in a reasonable timeframe. Check your iat and exp values in the JWT claim."} {"exception":"[object] (Google\\Cloud\\Core\\Exception\\BadRequestException(code: 400): {\"error\":\"invalid_grant\",\"error_description\":\"Invalid JWT: Token must be a short-lived token (60 minutes) and in a reasonable timeframe. Check your iat and exp values in the JWT claim.\"} at /home/thanhlongb/gcloud/gcp/vendor/google/cloud-core/src/RequestWrapper.php:368)
[stacktrace]
#0 /home/thanhlongb/gcloud/gcp/vendor/google/cloud-core/src/RequestWrapper.php(207): Google\\Cloud\\Core\\RequestWrapper->convertToGoogleException(Object(Google\\Cloud\\Core\\Exception\\BadRequestException))
#1 /home/thanhlongb/gcloud/gcp/vendor/google/cloud-core/src/RestTrait.php(97): Google\\Cloud\\Core\\RequestWrapper->send(Object(GuzzleHttp\\Psr7\\Request), Array)
#2 /home/thanhlongb/gcloud/gcp/vendor/google/cloud-bigquery/src/Connection/Rest.php(239): Google\\Cloud\\BigQuery\\Connection\\Rest->send('jobs', 'insert', Array)
#3 /home/thanhlongb/gcloud/gcp/vendor/google/cloud-bigquery/src/BigQueryClient.php(701): Google\\Cloud\\BigQuery\\Connection\\Rest->insertJob(Array)
#4 /home/thanhlongb/gcloud/gcp/vendor/google/cloud-bigquery/src/BigQueryClient.php(399): Google\\Cloud\\BigQuery\\BigQueryClient->startJob(Array, Array)
#5 /home/thanhlongb/gcloud/gcp/vendor/google/cloud-bigquery/src/BigQueryClient.php(363): Google\\Cloud\\BigQuery\\BigQueryClient->startQuery(Object(Google\\Cloud\\BigQuery\\QueryJobConfiguration), Array)
#6 /home/thanhlongb/gcloud/gcp/app/Http/Controllers/EmployeeController.php(123): Google\\Cloud\\BigQuery\\BigQueryClient->runQuery(Object(Google\\Cloud\\BigQuery\\QueryJobConfiguration))
#7 /home/thanhlongb/gcloud/gcp/app/Http/Controllers/EmployeeController.php(42): App\\Http\\Controllers\\EmployeeController->getQueryResult('SELECT name, ge...')
#8 /home/thanhlongb/gcloud/gcp/vendor/illuminate/container/BoundMethod.php(36): App\\Http\\Controllers\\EmployeeController->home1()
#9 /home/thanhlongb/gcloud/gcp/vendor/illuminate/container/Util.php(40): Illuminate\\Container\\BoundMethod::Illuminate\\Container\\{closure}()
#10 /home/thanhlongb/gcloud/gcp/vendor/illuminate/container/BoundMethod.php(93): Illuminate\\Container\\Util::unwrapIfClosure(Object(Closure))
#11 /home/thanhlongb/gcloud/gcp/vendor/illuminate/container/BoundMethod.php(37): Illuminate\\Container\\BoundMethod::callBoundMethod(Object(Laravel\\Lumen\\Application), Array, Object(Closure))
#12 /home/thanhlongb/gcloud/gcp/vendor/illuminate/container/Container.php(651): Illuminate\\Container\\BoundMethod::call(Object(Laravel\\Lumen\\Application), Array, Array, NULL)
#13 /home/thanhlongb/gcloud/gcp/vendor/laravel/lumen-framework/src/Concerns/RoutesRequests.php(386): Illuminate\\Container\\Container->call(Array, Array)
#14 /home/thanhlongb/gcloud/gcp/vendor/laravel/lumen-framework/src/Concerns/RoutesRequests.php(352): Laravel\\Lumen\\Application->callControllerCallable(Array, Array)
#15 /home/thanhlongb/gcloud/gcp/vendor/laravel/lumen-framework/src/Concerns/RoutesRequests.php(326): Laravel\\Lumen\\Application->callLumenController(Object(App\\Http\\Controllers\\EmployeeController), 'home1', Array)
#16 /home/thanhlongb/gcloud/gcp/vendor/laravel/lumen-framework/src/Concerns/RoutesRequests.php(279): Laravel\\Lumen\\Application->callControllerAction(Array)
#17 /home/thanhlongb/gcloud/gcp/vendor/laravel/lumen-framework/src/Concerns/RoutesRequests.php(264): Laravel\\Lumen\\Application->callActionOnArrayBasedRoute(Array)
#18 /home/thanhlongb/gcloud/gcp/vendor/laravel/lumen-framework/src/Concerns/RoutesRequests.php(166): Laravel\\Lumen\\Application->handleFoundRoute(Array)
#19 /home/thanhlongb/gcloud/gcp/vendor/laravel/lumen-framework/src/Concerns/RoutesRequests.php(426): Laravel\\Lumen\\Application->Laravel\\Lumen\\Concerns\\{closure}(Object(Laravel\\Lumen\\Http\\Request))
#20 /home/thanhlongb/gcloud/gcp/vendor/laravel/lumen-framework/src/Concerns/RoutesRequests.php(172): Laravel\\Lumen\\Application->sendThroughPipeline(Array, Object(Closure))
#21 /home/thanhlongb/gcloud/gcp/vendor/laravel/lumen-framework/src/Concerns/RoutesRequests.php(109): Laravel\\Lumen\\Application->dispatch(NULL)
#22 /home/thanhlongb/gcloud/gcp/public/index.php(28): Laravel\\Lumen\\Application->run()
#23 {main}
"} 
[2021-07-15 04:37:56] local.ERROR: {"error":"invalid_grant","error_description":"Invalid JWT: Token must be a short-lived token (60 minutes) and in a reasonable timeframe. Check your iat and exp values in the JWT claim."} {"exception":"[object] (Google\\Cloud\\Core\\Exception\\BadRequestException(code: 400): {\"error\":\"invalid_grant\",\"error_description\":\"Invalid JWT: Token must be a short-lived token (60 minutes) and in a reasonable timeframe. Check your iat and exp values in the JWT claim.\"} at /home/thanhlongb/gcloud/gcp/vendor/google/cloud-core/src/RequestWrapper.php:368)
[stacktrace]
#0 /home/thanhlongb/gcloud/gcp/vendor/google/cloud-core/src/RequestWrapper.php(207): Google\\Cloud\\Core\\RequestWrapper->convertToGoogleException(Object(Google\\Cloud\\Core\\Exception\\BadRequestException))
#1 /home/thanhlongb/gcloud/gcp/vendor/google/cloud-core/src/RestTrait.php(97): Google\\Cloud\\Core\\RequestWrapper->send(Object(GuzzleHttp\\Psr7\\Request), Array)
#2 /home/thanhlongb/gcloud/gcp/vendor/google/cloud-bigquery/src/Connection/Rest.php(239): Google\\Cloud\\BigQuery\\Connection\\Rest->send('jobs', 'insert', Array)
#3 /home/thanhlongb/gcloud/gcp/vendor/google/cloud-bigquery/src/BigQueryClient.php(701): Google\\Cloud\\BigQuery\\Connection\\Rest->insertJob(Array)
#4 /home/thanhlongb/gcloud/gcp/vendor/google/cloud-bigquery/src/BigQueryClient.php(399): Google\\Cloud\\BigQuery\\BigQueryClient->startJob(Array, Array)
#5 /home/thanhlongb/gcloud/gcp/vendor/google/cloud-bigquery/src/BigQueryClient.php(363): Google\\Cloud\\BigQuery\\BigQueryClient->startQuery(Object(Google\\Cloud\\BigQuery\\QueryJobConfiguration), Array)
#6 /home/thanhlongb/gcloud/gcp/app/Http/Controllers/EmployeeController.php(123): Google\\Cloud\\BigQuery\\BigQueryClient->runQuery(Object(Google\\Cloud\\BigQuery\\QueryJobConfiguration))
#7 /home/thanhlongb/gcloud/gcp/app/Http/Controllers/EmployeeController.php(42): App\\Http\\Controllers\\EmployeeController->getQueryResult('SELECT name, ge...')
#8 /home/thanhlongb/gcloud/gcp/vendor/illuminate/container/BoundMethod.php(36): App\\Http\\Controllers\\EmployeeController->home1()
#9 /home/thanhlongb/gcloud/gcp/vendor/illuminate/container/Util.php(40): Illuminate\\Container\\BoundMethod::Illuminate\\Container\\{closure}()
#10 /home/thanhlongb/gcloud/gcp/vendor/illuminate/container/BoundMethod.php(93): Illuminate\\Container\\Util::unwrapIfClosure(Object(Closure))
#11 /home/thanhlongb/gcloud/gcp/vendor/illuminate/container/BoundMethod.php(37): Illuminate\\Container\\BoundMethod::callBoundMethod(Object(Laravel\\Lumen\\Application), Array, Object(Closure))
#12 /home/thanhlongb/gcloud/gcp/vendor/illuminate/container/Container.php(651): Illuminate\\Container\\BoundMethod::call(Object(Laravel\\Lumen\\Application), Array, Array, NULL)
#13 /home/thanhlongb/gcloud/gcp/vendor/laravel/lumen-framework/src/Concerns/RoutesRequests.php(386): Illuminate\\Container\\Container->call(Array, Array)
#14 /home/thanhlongb/gcloud/gcp/vendor/laravel/lumen-framework/src/Concerns/RoutesRequests.php(352): Laravel\\Lumen\\Application->callControllerCallable(Array, Array)
#15 /home/thanhlongb/gcloud/gcp/vendor/laravel/lumen-framework/src/Concerns/RoutesRequests.php(326): Laravel\\Lumen\\Application->callLumenController(Object(App\\Http\\Controllers\\EmployeeController), 'home1', Array)
#16 /home/thanhlongb/gcloud/gcp/vendor/laravel/lumen-framework/src/Concerns/RoutesRequests.php(279): Laravel\\Lumen\\Application->callControllerAction(Array)
#17 /home/thanhlongb/gcloud/gcp/vendor/laravel/lumen-framework/src/Concerns/RoutesRequests.php(264): Laravel\\Lumen\\Application->callActionOnArrayBasedRoute(Array)
#18 /home/thanhlongb/gcloud/gcp/vendor/laravel/lumen-framework/src/Concerns/RoutesRequests.php(166): Laravel\\Lumen\\Application->handleFoundRoute(Array)
#19 /home/thanhlongb/gcloud/gcp/vendor/laravel/lumen-framework/src/Concerns/RoutesRequests.php(426): Laravel\\Lumen\\Application->Laravel\\Lumen\\Concerns\\{closure}(Object(Laravel\\Lumen\\Http\\Request))
#20 /home/thanhlongb/gcloud/gcp/vendor/laravel/lumen-framework/src/Concerns/RoutesRequests.php(172): Laravel\\Lumen\\Application->sendThroughPipeline(Array, Object(Closure))
#21 /home/thanhlongb/gcloud/gcp/vendor/laravel/lumen-framework/src/Concerns/RoutesRequests.php(109): Laravel\\Lumen\\Application->dispatch(NULL)
#22 /home/thanhlongb/gcloud/gcp/public/index.php(28): Laravel\\Lumen\\Application->run()
#23 {main}
"} 
[2021-07-15 04:39:36] local.ERROR: {"error":"invalid_grant","error_description":"Invalid JWT: Token must be a short-lived token (60 minutes) and in a reasonable timeframe. Check your iat and exp values in the JWT claim."} {"exception":"[object] (Google\\Cloud\\Core\\Exception\\BadRequestException(code: 400): {\"error\":\"invalid_grant\",\"error_description\":\"Invalid JWT: Token must be a short-lived token (60 minutes) and in a reasonable timeframe. Check your iat and exp values in the JWT claim.\"} at /home/thanhlongb/gcloud/gcp/vendor/google/cloud-core/src/RequestWrapper.php:368)
[stacktrace]
#0 /home/thanhlongb/gcloud/gcp/vendor/google/cloud-core/src/RequestWrapper.php(207): Google\\Cloud\\Core\\RequestWrapper->convertToGoogleException(Object(Google\\Cloud\\Core\\Exception\\BadRequestException))
#1 /home/thanhlongb/gcloud/gcp/vendor/google/cloud-core/src/RestTrait.php(97): Google\\Cloud\\Core\\RequestWrapper->send(Object(GuzzleHttp\\Psr7\\Request), Array)
#2 /home/thanhlongb/gcloud/gcp/vendor/google/cloud-bigquery/src/Connection/Rest.php(239): Google\\Cloud\\BigQuery\\Connection\\Rest->send('jobs', 'insert', Array)
#3 /home/thanhlongb/gcloud/gcp/vendor/google/cloud-bigquery/src/BigQueryClient.php(701): Google\\Cloud\\BigQuery\\Connection\\Rest->insertJob(Array)
#4 /home/thanhlongb/gcloud/gcp/vendor/google/cloud-bigquery/src/BigQueryClient.php(399): Google\\Cloud\\BigQuery\\BigQueryClient->startJob(Array, Array)
#5 /home/thanhlongb/gcloud/gcp/vendor/google/cloud-bigquery/src/BigQueryClient.php(363): Google\\Cloud\\BigQuery\\BigQueryClient->startQuery(Object(Google\\Cloud\\BigQuery\\QueryJobConfiguration), Array)
#6 /home/thanhlongb/gcloud/gcp/app/Http/Controllers/EmployeeController.php(123): Google\\Cloud\\BigQuery\\BigQueryClient->runQuery(Object(Google\\Cloud\\BigQuery\\QueryJobConfiguration))
#7 /home/thanhlongb/gcloud/gcp/app/Http/Controllers/EmployeeController.php(42): App\\Http\\Controllers\\EmployeeController->getQueryResult('SELECT name, ge...')
#8 /home/thanhlongb/gcloud/gcp/vendor/illuminate/container/BoundMethod.php(36): App\\Http\\Controllers\\EmployeeController->home1()
#9 /home/thanhlongb/gcloud/gcp/vendor/illuminate/container/Util.php(40): Illuminate\\Container\\BoundMethod::Illuminate\\Container\\{closure}()
#10 /home/thanhlongb/gcloud/gcp/vendor/illuminate/container/BoundMethod.php(93): Illuminate\\Container\\Util::unwrapIfClosure(Object(Closure))
#11 /home/thanhlongb/gcloud/gcp/vendor/illuminate/container/BoundMethod.php(37): Illuminate\\Container\\BoundMethod::callBoundMethod(Object(Laravel\\Lumen\\Application), Array, Object(Closure))
#12 /home/thanhlongb/gcloud/gcp/vendor/illuminate/container/Container.php(651): Illuminate\\Container\\BoundMethod::call(Object(Laravel\\Lumen\\Application), Array, Array, NULL)
#13 /home/thanhlongb/gcloud/gcp/vendor/laravel/lumen-framework/src/Concerns/RoutesRequests.php(386): Illuminate\\Container\\Container->call(Array, Array)
#14 /home/thanhlongb/gcloud/gcp/vendor/laravel/lumen-framework/src/Concerns/RoutesRequests.php(352): Laravel\\Lumen\\Application->callControllerCallable(Array, Array)
#15 /home/thanhlongb/gcloud/gcp/vendor/laravel/lumen-framework/src/Concerns/RoutesRequests.php(326): Laravel\\Lumen\\Application->callLumenController(Object(App\\Http\\Controllers\\EmployeeController), 'home1', Array)
#16 /home/thanhlongb/gcloud/gcp/vendor/laravel/lumen-framework/src/Concerns/RoutesRequests.php(279): Laravel\\Lumen\\Application->callControllerAction(Array)
#17 /home/thanhlongb/gcloud/gcp/vendor/laravel/lumen-framework/src/Concerns/RoutesRequests.php(264): Laravel\\Lumen\\Application->callActionOnArrayBasedRoute(Array)
#18 /home/thanhlongb/gcloud/gcp/vendor/laravel/lumen-framework/src/Concerns/RoutesRequests.php(166): Laravel\\Lumen\\Application->handleFoundRoute(Array)
#19 /home/thanhlongb/gcloud/gcp/vendor/laravel/lumen-framework/src/Concerns/RoutesRequests.php(426): Laravel\\Lumen\\Application->Laravel\\Lumen\\Concerns\\{closure}(Object(Laravel\\Lumen\\Http\\Request))
#20 /home/thanhlongb/gcloud/gcp/vendor/laravel/lumen-framework/src/Concerns/RoutesRequests.php(172): Laravel\\Lumen\\Application->sendThroughPipeline(Array, Object(Closure))
#21 /home/thanhlongb/gcloud/gcp/vendor/laravel/lumen-framework/src/Concerns/RoutesRequests.php(109): Laravel\\Lumen\\Application->dispatch(NULL)
#22 /home/thanhlongb/gcloud/gcp/public/index.php(28): Laravel\\Lumen\\Application->run()
#23 {main}
"} 
[2021-07-15 04:44:47] local.ERROR: {"error":"invalid_grant","error_description":"Invalid JWT: Token must be a short-lived token (60 minutes) and in a reasonable timeframe. Check your iat and exp values in the JWT claim."} {"exception":"[object] (Google\\Cloud\\Core\\Exception\\BadRequestException(code: 400): {\"error\":\"invalid_grant\",\"error_description\":\"Invalid JWT: Token must be a short-lived token (60 minutes) and in a reasonable timeframe. Check your iat and exp values in the JWT claim.\"} at /home/thanhlongb/gcloud/gcp/vendor/google/cloud-core/src/RequestWrapper.php:368)
[stacktrace]
#0 /home/thanhlongb/gcloud/gcp/vendor/google/cloud-core/src/RequestWrapper.php(207): Google\\Cloud\\Core\\RequestWrapper->convertToGoogleException(Object(Google\\Cloud\\Core\\Exception\\BadRequestException))
#1 /home/thanhlongb/gcloud/gcp/vendor/google/cloud-core/src/RestTrait.php(97): Google\\Cloud\\Core\\RequestWrapper->send(Object(GuzzleHttp\\Psr7\\Request), Array)
#2 /home/thanhlongb/gcloud/gcp/vendor/google/cloud-bigquery/src/Connection/Rest.php(239): Google\\Cloud\\BigQuery\\Connection\\Rest->send('jobs', 'insert', Array)
#3 /home/thanhlongb/gcloud/gcp/vendor/google/cloud-bigquery/src/BigQueryClient.php(701): Google\\Cloud\\BigQuery\\Connection\\Rest->insertJob(Array)
#4 /home/thanhlongb/gcloud/gcp/vendor/google/cloud-bigquery/src/BigQueryClient.php(399): Google\\Cloud\\BigQuery\\BigQueryClient->startJob(Array, Array)
#5 /home/thanhlongb/gcloud/gcp/vendor/google/cloud-bigquery/src/BigQueryClient.php(363): Google\\Cloud\\BigQuery\\BigQueryClient->startQuery(Object(Google\\Cloud\\BigQuery\\QueryJobConfiguration), Array)
#6 /home/thanhlongb/gcloud/gcp/app/Http/Controllers/EmployeeController.php(123): Google\\Cloud\\BigQuery\\BigQueryClient->runQuery(Object(Google\\Cloud\\BigQuery\\QueryJobConfiguration))
#7 /home/thanhlongb/gcloud/gcp/app/Http/Controllers/EmployeeController.php(42): App\\Http\\Controllers\\EmployeeController->getQueryResult('SELECT name, ge...')
#8 /home/thanhlongb/gcloud/gcp/vendor/illuminate/container/BoundMethod.php(36): App\\Http\\Controllers\\EmployeeController->home1()
#9 /home/thanhlongb/gcloud/gcp/vendor/illuminate/container/Util.php(40): Illuminate\\Container\\BoundMethod::Illuminate\\Container\\{closure}()
#10 /home/thanhlongb/gcloud/gcp/vendor/illuminate/container/BoundMethod.php(93): Illuminate\\Container\\Util::unwrapIfClosure(Object(Closure))
#11 /home/thanhlongb/gcloud/gcp/vendor/illuminate/container/BoundMethod.php(37): Illuminate\\Container\\BoundMethod::callBoundMethod(Object(Laravel\\Lumen\\Application), Array, Object(Closure))
#12 /home/thanhlongb/gcloud/gcp/vendor/illuminate/container/Container.php(651): Illuminate\\Container\\BoundMethod::call(Object(Laravel\\Lumen\\Application), Array, Array, NULL)
#13 /home/thanhlongb/gcloud/gcp/vendor/laravel/lumen-framework/src/Concerns/RoutesRequests.php(386): Illuminate\\Container\\Container->call(Array, Array)
#14 /home/thanhlongb/gcloud/gcp/vendor/laravel/lumen-framework/src/Concerns/RoutesRequests.php(352): Laravel\\Lumen\\Application->callControllerCallable(Array, Array)
#15 /home/thanhlongb/gcloud/gcp/vendor/laravel/lumen-framework/src/Concerns/RoutesRequests.php(326): Laravel\\Lumen\\Application->callLumenController(Object(App\\Http\\Controllers\\EmployeeController), 'home1', Array)
#16 /home/thanhlongb/gcloud/gcp/vendor/laravel/lumen-framework/src/Concerns/RoutesRequests.php(279): Laravel\\Lumen\\Application->callControllerAction(Array)
#17 /home/thanhlongb/gcloud/gcp/vendor/laravel/lumen-framework/src/Concerns/RoutesRequests.php(264): Laravel\\Lumen\\Application->callActionOnArrayBasedRoute(Array)
#18 /home/thanhlongb/gcloud/gcp/vendor/laravel/lumen-framework/src/Concerns/RoutesRequests.php(166): Laravel\\Lumen\\Application->handleFoundRoute(Array)
#19 /home/thanhlongb/gcloud/gcp/vendor/laravel/lumen-framework/src/Concerns/RoutesRequests.php(426): Laravel\\Lumen\\Application->Laravel\\Lumen\\Concerns\\{closure}(Object(Laravel\\Lumen\\Http\\Request))
#20 /home/thanhlongb/gcloud/gcp/vendor/laravel/lumen-framework/src/Concerns/RoutesRequests.php(172): Laravel\\Lumen\\Application->sendThroughPipeline(Array, Object(Closure))
#21 /home/thanhlongb/gcloud/gcp/vendor/laravel/lumen-framework/src/Concerns/RoutesRequests.php(109): Laravel\\Lumen\\Application->dispatch(NULL)
#22 /home/thanhlongb/gcloud/gcp/public/index.php(28): Laravel\\Lumen\\Application->run()
#23 {main}
"} 
[2021-07-15 04:45:08] local.ERROR: {"error":"invalid_grant","error_description":"Invalid JWT: Token must be a short-lived token (60 minutes) and in a reasonable timeframe. Check your iat and exp values in the JWT claim."} {"exception":"[object] (Google\\Cloud\\Core\\Exception\\BadRequestException(code: 400): {\"error\":\"invalid_grant\",\"error_description\":\"Invalid JWT: Token must be a short-lived token (60 minutes) and in a reasonable timeframe. Check your iat and exp values in the JWT claim.\"} at /home/thanhlongb/gcloud/gcp/vendor/google/cloud-core/src/RequestWrapper.php:368)
[stacktrace]
#0 /home/thanhlongb/gcloud/gcp/vendor/google/cloud-core/src/RequestWrapper.php(207): Google\\Cloud\\Core\\RequestWrapper->convertToGoogleException(Object(Google\\Cloud\\Core\\Exception\\BadRequestException))
#1 /home/thanhlongb/gcloud/gcp/vendor/google/cloud-core/src/RestTrait.php(97): Google\\Cloud\\Core\\RequestWrapper->send(Object(GuzzleHttp\\Psr7\\Request), Array)
#2 /home/thanhlongb/gcloud/gcp/vendor/google/cloud-bigquery/src/Connection/Rest.php(239): Google\\Cloud\\BigQuery\\Connection\\Rest->send('jobs', 'insert', Array)
#3 /home/thanhlongb/gcloud/gcp/vendor/google/cloud-bigquery/src/BigQueryClient.php(701): Google\\Cloud\\BigQuery\\Connection\\Rest->insertJob(Array)
#4 /home/thanhlongb/gcloud/gcp/vendor/google/cloud-bigquery/src/BigQueryClient.php(399): Google\\Cloud\\BigQuery\\BigQueryClient->startJob(Array, Array)
#5 /home/thanhlongb/gcloud/gcp/vendor/google/cloud-bigquery/src/BigQueryClient.php(363): Google\\Cloud\\BigQuery\\BigQueryClient->startQuery(Object(Google\\Cloud\\BigQuery\\QueryJobConfiguration), Array)
#6 /home/thanhlongb/gcloud/gcp/app/Http/Controllers/EmployeeController.php(123): Google\\Cloud\\BigQuery\\BigQueryClient->runQuery(Object(Google\\Cloud\\BigQuery\\QueryJobConfiguration))
#7 /home/thanhlongb/gcloud/gcp/app/Http/Controllers/EmployeeController.php(42): App\\Http\\Controllers\\EmployeeController->getQueryResult('SELECT name, ge...')
#8 /home/thanhlongb/gcloud/gcp/vendor/illuminate/container/BoundMethod.php(36): App\\Http\\Controllers\\EmployeeController->home1()
#9 /home/thanhlongb/gcloud/gcp/vendor/illuminate/container/Util.php(40): Illuminate\\Container\\BoundMethod::Illuminate\\Container\\{closure}()
#10 /home/thanhlongb/gcloud/gcp/vendor/illuminate/container/BoundMethod.php(93): Illuminate\\Container\\Util::unwrapIfClosure(Object(Closure))
#11 /home/thanhlongb/gcloud/gcp/vendor/illuminate/container/BoundMethod.php(37): Illuminate\\Container\\BoundMethod::callBoundMethod(Object(Laravel\\Lumen\\Application), Array, Object(Closure))
#12 /home/thanhlongb/gcloud/gcp/vendor/illuminate/container/Container.php(651): Illuminate\\Container\\BoundMethod::call(Object(Laravel\\Lumen\\Application), Array, Array, NULL)
#13 /home/thanhlongb/gcloud/gcp/vendor/laravel/lumen-framework/src/Concerns/RoutesRequests.php(386): Illuminate\\Container\\Container->call(Array, Array)
#14 /home/thanhlongb/gcloud/gcp/vendor/laravel/lumen-framework/src/Concerns/RoutesRequests.php(352): Laravel\\Lumen\\Application->callControllerCallable(Array, Array)
#15 /home/thanhlongb/gcloud/gcp/vendor/laravel/lumen-framework/src/Concerns/RoutesRequests.php(326): Laravel\\Lumen\\Application->callLumenController(Object(App\\Http\\Controllers\\EmployeeController), 'home1', Array)
#16 /home/thanhlongb/gcloud/gcp/vendor/laravel/lumen-framework/src/Concerns/RoutesRequests.php(279): Laravel\\Lumen\\Application->callControllerAction(Array)
#17 /home/thanhlongb/gcloud/gcp/vendor/laravel/lumen-framework/src/Concerns/RoutesRequests.php(264): Laravel\\Lumen\\Application->callActionOnArrayBasedRoute(Array)
#18 /home/thanhlongb/gcloud/gcp/vendor/laravel/lumen-framework/src/Concerns/RoutesRequests.php(166): Laravel\\Lumen\\Application->handleFoundRoute(Array)
#19 /home/thanhlongb/gcloud/gcp/vendor/laravel/lumen-framework/src/Concerns/RoutesRequests.php(426): Laravel\\Lumen\\Application->Laravel\\Lumen\\Concerns\\{closure}(Object(Laravel\\Lumen\\Http\\Request))
#20 /home/thanhlongb/gcloud/gcp/vendor/laravel/lumen-framework/src/Concerns/RoutesRequests.php(172): Laravel\\Lumen\\Application->sendThroughPipeline(Array, Object(Closure))
#21 /home/thanhlongb/gcloud/gcp/vendor/laravel/lumen-framework/src/Concerns/RoutesRequests.php(109): Laravel\\Lumen\\Application->dispatch(NULL)
#22 /home/thanhlongb/gcloud/gcp/public/index.php(28): Laravel\\Lumen\\Application->run()
#23 {main}
"} 
